2018-06-25 21:25:53.284DEBUG[restartedMain  ].c.l.ClasspathLoggingApplicationListener 53 :Application started with classpath: [file:/D:/codes/luis/sites/target/classes/]
2018-06-25 21:25:53.372 INFO[restartedMain  ]c.l.s.SitesApplication                   50 :Starting SitesApplication on SZA161292480-C with PID 8216 (D:\codes\luis\sites\target\classes started by l00280429 in D:\codes\luis)
2018-06-25 21:25:53.373 INFO[restartedMain  ]c.l.s.SitesApplication                   659:No active profile set, falling back to default profiles: default
2018-06-25 21:25:53.373DEBUG[restartedMain  ]o.s.b.SpringApplication                  687:Loading source class com.luis.sites.SitesApplication
2018-06-25 21:25:53.423DEBUG[restartedMain  ]o.s.b.c.c.ConfigFileApplicationListener  172:Loaded config file 'file:/D:/codes/luis/sites/target/classes/application.properties' (classpath:/application.properties)
2018-06-25 21:25:53.427 INFO[restartedMain  ]ConfigServletWebServerApplicationContext 590:Refreshing org.springframework.boot.web.servlet.context.AnnotationConfigServletWebServerApplicationContext@486cfe40: startup date [Mon Jun 25 21:25:53 CST 2018]; root of context hierarchy
2018-06-25 21:25:53.430DEBUG[restartedMain  ]ConfigServletWebServerApplicationContext 624:Bean factory for org.springframework.boot.web.servlet.context.AnnotationConfigServletWebServerApplicationContext@486cfe40: org.springframework.beans.factory.support.DefaultListableBeanFactory@3571d80b: defining beans [org.springframework.context.annotation.internalConfigurationAnnotationProcessor,org.springframework.context.annotation.internalAutowiredAnnotationProcessor,org.springframework.context.annotation.internalRequiredAnnotationProcessor,org.springframework.context.annotation.internalCommonAnnotationProcessor,org.springframework.context.event.internalEventListenerProcessor,org.springframework.context.event.internalEventListenerFactory,sitesApplication]; root of factory hierarchy
2018-06-25 21:25:53.655 WARN[restartedMain  ]ConfigServletWebServerApplicationContext 558:Exception encountered during context initialization - cancelling refresh attempt: org.springframework.beans.factory.BeanDefinitionStoreException: Failed to parse configuration class [com.luis.sites.SitesApplication]; nested exception is java.io.FileNotFoundException: wx.param.properties (系统找不到指定的文件。)
2018-06-25 21:25:53.660DEBUG[restartedMain  ]o.s.b.d.r.Restarter                      172:Creating new Restarter for thread Thread[main,5,main]
2018-06-25 21:25:53.661DEBUG[restartedMain  ]o.s.b.d.r.Restarter                      172:Immediately restarting application
2018-06-25 21:25:53.661DEBUG[restartedMain  ]o.s.b.d.r.Restarter                      172:Created RestartClassLoader org.springframework.boot.devtools.restart.classloader.RestartClassLoader@b8023ca
2018-06-25 21:25:53.661DEBUG[restartedMain  ]o.s.b.d.r.Restarter                      172:Starting application com.luis.sites.SitesApplication with URLs [file:/D:/codes/luis/sites/target/classes/]
2018-06-25 21:25:53.662DEBUG[restartedMain  ].c.l.ClasspathLoggingApplicationListener 56 :Application failed to start with classpath: [file:/D:/codes/luis/sites/target/classes/]
2018-06-25 21:25:53.795DEBUG[restartedMain  ]o.s.b.d.FailureAnalyzers                 120:FailureAnalyzer org.springframework.boot.autoconfigure.jdbc.HikariDriverConfigurationFailureAnalyzer@3d88dc72 failed

java.lang.TypeNotPresentException: Type org.springframework.jdbc.CannotGetJdbcConnectionException not present
	at sun.reflect.generics.factory.CoreReflectionFactory.makeNamedType(CoreReflectionFactory.java:117) ~[?:1.8.0_171]
	at sun.reflect.generics.visitor.Reifier.visitClassTypeSignature(Reifier.java:125) ~[?:1.8.0_171]
	at sun.reflect.generics.tree.ClassTypeSignature.accept(ClassTypeSignature.java:49) ~[?:1.8.0_171]
	at sun.reflect.generics.visitor.Reifier.reifyTypeArguments(Reifier.java:68) ~[?:1.8.0_171]
	at sun.reflect.generics.visitor.Reifier.visitClassTypeSignature(Reifier.java:138) ~[?:1.8.0_171]
	at sun.reflect.generics.tree.ClassTypeSignature.accept(ClassTypeSignature.java:49) ~[?:1.8.0_171]
	at sun.reflect.generics.repository.ClassRepository.getSuperclass(ClassRepository.java:90) ~[?:1.8.0_171]
	at java.lang.Class.getGenericSuperclass(Class.java:777) ~[?:1.8.0_171]
	at org.springframework.core.ResolvableType.getSuperType(ResolvableType.java:452) ~[spring-core-5.0.6.RELEASE.jar:5.0.6.RELEASE]
	at org.springframework.core.ResolvableType.as(ResolvableType.java:442) ~[spring-core-5.0.6.RELEASE.jar:5.0.6.RELEASE]
	at org.springframework.core.ResolvableType.forClass(ResolvableType.java:1012) ~[spring-core-5.0.6.RELEASE.jar:5.0.6.RELEASE]
	at org.springframework.boot.diagnostics.AbstractFailureAnalyzer.getCauseType(AbstractFailureAnalyzer.java:58) ~[spring-boot-2.0.2.RELEASE.jar:2.0.2.RELEASE]
	at org.springframework.boot.diagnostics.AbstractFailureAnalyzer.analyze(AbstractFailureAnalyzer.java:34) ~[spring-boot-2.0.2.RELEASE.jar:2.0.2.RELEASE]
	at org.springframework.boot.diagnostics.FailureAnalyzers.analyze(FailureAnalyzers.java:114) [spring-boot-2.0.2.RELEASE.jar:2.0.2.RELEASE]
	at org.springframework.boot.diagnostics.FailureAnalyzers.reportException(FailureAnalyzers.java:107) [spring-boot-2.0.2.RELEASE.jar:2.0.2.RELEASE]
	at org.springframework.boot.SpringApplication.reportFailure(SpringApplication.java:832) [spring-boot-2.0.2.RELEASE.jar:2.0.2.RELEASE]
	at org.springframework.boot.SpringApplication.handleRunFailure(SpringApplication.java:816) [spring-boot-2.0.2.RELEASE.jar:2.0.2.RELEASE]
	at org.springframework.boot.SpringApplication.run(SpringApplication.java:338) [spring-boot-2.0.2.RELEASE.jar:2.0.2.RELEASE]
	at org.springframework.boot.SpringApplication.run(SpringApplication.java:1255) [spring-boot-2.0.2.RELEASE.jar:2.0.2.RELEASE]
	at org.springframework.boot.SpringApplication.run(SpringApplication.java:1243) [spring-boot-2.0.2.RELEASE.jar:2.0.2.RELEASE]
	at com.luis.sites.SitesApplication.main(SitesApplication.java:10) [classes/:?]
	at sun.reflect.NativeMethodAccessorImpl.invoke0(Native Method) ~[?:1.8.0_171]
	at sun.reflect.NativeMethodAccessorImpl.invoke(NativeMethodAccessorImpl.java:62) ~[?:1.8.0_171]
	at sun.reflect.DelegatingMethodAccessorImpl.invoke(DelegatingMethodAccessorImpl.java:43) ~[?:1.8.0_171]
	at java.lang.reflect.Method.invoke(Method.java:498) ~[?:1.8.0_171]
	at org.springframework.boot.devtools.restart.RestartLauncher.run(RestartLauncher.java:49) [spring-boot-devtools-2.0.2.RELEASE.jar:2.0.2.RELEASE]
Caused by: java.lang.ClassNotFoundException: org.springframework.jdbc.CannotGetJdbcConnectionException
	at java.net.URLClassLoader.findClass(URLClassLoader.java:381) ~[?:1.8.0_171]
	at java.lang.ClassLoader.loadClass(ClassLoader.java:424) ~[?:1.8.0_171]
	at sun.misc.Launcher$AppClassLoader.loadClass(Launcher.java:349) ~[?:1.8.0_171]
	at java.lang.ClassLoader.loadClass(ClassLoader.java:357) ~[?:1.8.0_171]
	at java.lang.Class.forName0(Native Method) ~[?:1.8.0_171]
	at java.lang.Class.forName(Class.java:348) ~[?:1.8.0_171]
	at sun.reflect.generics.factory.CoreReflectionFactory.makeNamedType(CoreReflectionFactory.java:114) ~[?:1.8.0_171]
	... 25 more

2018-06-25 21:25:53.800ERROR[restartedMain  ]o.s.b.SpringApplication                  842:Application run failed

org.springframework.beans.factory.BeanDefinitionStoreException: Failed to parse configuration class [com.luis.sites.SitesApplication]; nested exception is java.io.FileNotFoundException: wx.param.properties (系统找不到指定的文件。)
	at org.springframework.context.annotation.ConfigurationClassParser.parse(ConfigurationClassParser.java:184) ~[spring-context-5.0.6.RELEASE.jar:5.0.6.RELEASE]
	at org.springframework.context.annotation.ConfigurationClassPostProcessor.processConfigBeanDefinitions(ConfigurationClassPostProcessor.java:316) ~[spring-context-5.0.6.RELEASE.jar:5.0.6.RELEASE]
	at org.springframework.context.annotation.ConfigurationClassPostProcessor.postProcessBeanDefinitionRegistry(ConfigurationClassPostProcessor.java:233) ~[spring-context-5.0.6.RELEASE.jar:5.0.6.RELEASE]
	at org.springframework.context.support.PostProcessorRegistrationDelegate.invokeBeanDefinitionRegistryPostProcessors(PostProcessorRegistrationDelegate.java:273) ~[spring-context-5.0.6.RELEASE.jar:5.0.6.RELEASE]
	at org.springframework.context.support.PostProcessorRegistrationDelegate.invokeBeanFactoryPostProcessors(PostProcessorRegistrationDelegate.java:93) ~[spring-context-5.0.6.RELEASE.jar:5.0.6.RELEASE]
	at org.springframework.context.support.AbstractApplicationContext.invokeBeanFactoryPostProcessors(AbstractApplicationContext.java:694) ~[spring-context-5.0.6.RELEASE.jar:5.0.6.RELEASE]
	at org.springframework.context.support.AbstractApplicationContext.refresh(AbstractApplicationContext.java:532) ~[spring-context-5.0.6.RELEASE.jar:5.0.6.RELEASE]
	at org.springframework.boot.web.servlet.context.ServletWebServerApplicationContext.refresh(ServletWebServerApplicationContext.java:140) ~[spring-boot-2.0.2.RELEASE.jar:2.0.2.RELEASE]
	at org.springframework.boot.SpringApplication.refresh(SpringApplication.java:759) [spring-boot-2.0.2.RELEASE.jar:2.0.2.RELEASE]
	at org.springframework.boot.SpringApplication.refreshContext(SpringApplication.java:395) [spring-boot-2.0.2.RELEASE.jar:2.0.2.RELEASE]
	at org.springframework.boot.SpringApplication.run(SpringApplication.java:327) [spring-boot-2.0.2.RELEASE.jar:2.0.2.RELEASE]
	at org.springframework.boot.SpringApplication.run(SpringApplication.java:1255) [spring-boot-2.0.2.RELEASE.jar:2.0.2.RELEASE]
	at org.springframework.boot.SpringApplication.run(SpringApplication.java:1243) [spring-boot-2.0.2.RELEASE.jar:2.0.2.RELEASE]
	at com.luis.sites.SitesApplication.main(SitesApplication.java:10) [classes/:?]
	at sun.reflect.NativeMethodAccessorImpl.invoke0(Native Method) ~[?:1.8.0_171]
	at sun.reflect.NativeMethodAccessorImpl.invoke(NativeMethodAccessorImpl.java:62) ~[?:1.8.0_171]
	at sun.reflect.DelegatingMethodAccessorImpl.invoke(DelegatingMethodAccessorImpl.java:43) ~[?:1.8.0_171]
	at java.lang.reflect.Method.invoke(Method.java:498) ~[?:1.8.0_171]
	at org.springframework.boot.devtools.restart.RestartLauncher.run(RestartLauncher.java:49) [spring-boot-devtools-2.0.2.RELEASE.jar:2.0.2.RELEASE]
Caused by: java.io.FileNotFoundException: wx.param.properties (系统找不到指定的文件。)
	at java.io.FileInputStream.open0(Native Method) ~[?:1.8.0_171]
	at java.io.FileInputStream.open(FileInputStream.java:195) ~[?:1.8.0_171]
	at java.io.FileInputStream.<init>(FileInputStream.java:138) ~[?:1.8.0_171]
	at java.io.FileInputStream.<init>(FileInputStream.java:93) ~[?:1.8.0_171]
	at sun.net.www.protocol.file.FileURLConnection.connect(FileURLConnection.java:90) ~[?:1.8.0_171]
	at sun.net.www.protocol.file.FileURLConnection.getInputStream(FileURLConnection.java:188) ~[?:1.8.0_171]
	at org.springframework.core.io.UrlResource.getInputStream(UrlResource.java:171) ~[spring-core-5.0.6.RELEASE.jar:5.0.6.RELEASE]
	at org.springframework.core.io.support.EncodedResource.getInputStream(EncodedResource.java:159) ~[spring-core-5.0.6.RELEASE.jar:5.0.6.RELEASE]
	at org.springframework.core.io.support.PropertiesLoaderUtils.fillProperties(PropertiesLoaderUtils.java:99) ~[spring-core-5.0.6.RELEASE.jar:5.0.6.RELEASE]
	at org.springframework.core.io.support.PropertiesLoaderUtils.fillProperties(PropertiesLoaderUtils.java:73) ~[spring-core-5.0.6.RELEASE.jar:5.0.6.RELEASE]
	at org.springframework.core.io.support.PropertiesLoaderUtils.loadProperties(PropertiesLoaderUtils.java:59) ~[spring-core-5.0.6.RELEASE.jar:5.0.6.RELEASE]
	at org.springframework.core.io.support.ResourcePropertySource.<init>(ResourcePropertySource.java:67) ~[spring-core-5.0.6.RELEASE.jar:5.0.6.RELEASE]
	at org.springframework.core.io.support.DefaultPropertySourceFactory.createPropertySource(DefaultPropertySourceFactory.java:37) ~[spring-core-5.0.6.RELEASE.jar:5.0.6.RELEASE]
	at org.springframework.context.annotation.ConfigurationClassParser.processPropertySource(ConfigurationClassParser.java:453) ~[spring-context-5.0.6.RELEASE.jar:5.0.6.RELEASE]
	at org.springframework.context.annotation.ConfigurationClassParser.doProcessConfigurationClass(ConfigurationClassParser.java:272) ~[spring-context-5.0.6.RELEASE.jar:5.0.6.RELEASE]
	at org.springframework.context.annotation.ConfigurationClassParser.processConfigurationClass(ConfigurationClassParser.java:245) ~[spring-context-5.0.6.RELEASE.jar:5.0.6.RELEASE]
	at org.springframework.context.annotation.ConfigurationClassParser.parse(ConfigurationClassParser.java:194) ~[spring-context-5.0.6.RELEASE.jar:5.0.6.RELEASE]
	at org.springframework.context.annotation.ConfigurationClassParser.doProcessConfigurationClass(ConfigurationClassParser.java:296) ~[spring-context-5.0.6.RELEASE.jar:5.0.6.RELEASE]
	at org.springframework.context.annotation.ConfigurationClassParser.processConfigurationClass(ConfigurationClassParser.java:245) ~[spring-context-5.0.6.RELEASE.jar:5.0.6.RELEASE]
	at org.springframework.context.annotation.ConfigurationClassParser.parse(ConfigurationClassParser.java:202) ~[spring-context-5.0.6.RELEASE.jar:5.0.6.RELEASE]
	at org.springframework.context.annotation.ConfigurationClassParser.parse(ConfigurationClassParser.java:170) ~[spring-context-5.0.6.RELEASE.jar:5.0.6.RELEASE]
	... 18 more

2018-06-25 21:26:06.261DEBUG[restartedMain  ].c.l.ClasspathLoggingApplicationListener 53 :Application started with classpath: [file:/D:/codes/luis/sites/target/classes/]
2018-06-25 21:26:06.341 INFO[restartedMain  ]c.l.s.SitesApplication                   50 :Starting SitesApplication on SZA161292480-C with PID 5988 (D:\codes\luis\sites\target\classes started by l00280429 in D:\codes\luis)
2018-06-25 21:26:06.342 INFO[restartedMain  ]c.l.s.SitesApplication                   659:No active profile set, falling back to default profiles: default
2018-06-25 21:26:06.342DEBUG[restartedMain  ]o.s.b.SpringApplication                  687:Loading source class com.luis.sites.SitesApplication
2018-06-25 21:26:06.390DEBUG[restartedMain  ]o.s.b.c.c.ConfigFileApplicationListener  172:Loaded config file 'file:/D:/codes/luis/sites/target/classes/application.properties' (classpath:/application.properties)
2018-06-25 21:26:06.394 INFO[restartedMain  ]ConfigServletWebServerApplicationContext 590:Refreshing org.springframework.boot.web.servlet.context.AnnotationConfigServletWebServerApplicationContext@120c0548: startup date [Mon Jun 25 21:26:06 CST 2018]; root of context hierarchy
2018-06-25 21:26:06.396DEBUG[restartedMain  ]ConfigServletWebServerApplicationContext 624:Bean factory for org.springframework.boot.web.servlet.context.AnnotationConfigServletWebServerApplicationContext@120c0548: org.springframework.beans.factory.support.DefaultListableBeanFactory@31800780: defining beans [org.springframework.context.annotation.internalConfigurationAnnotationProcessor,org.springframework.context.annotation.internalAutowiredAnnotationProcessor,org.springframework.context.annotation.internalRequiredAnnotationProcessor,org.springframework.context.annotation.internalCommonAnnotationProcessor,org.springframework.context.event.internalEventListenerProcessor,org.springframework.context.event.internalEventListenerFactory,sitesApplication]; root of factory hierarchy
2018-06-25 21:26:06.572 WARN[restartedMain  ]ConfigServletWebServerApplicationContext 558:Exception encountered during context initialization - cancelling refresh attempt: org.springframework.beans.factory.BeanDefinitionStoreException: Failed to parse configuration class [com.luis.sites.SitesApplication]; nested exception is java.io.FileNotFoundException: wx.param.properties (系统找不到指定的文件。)
2018-06-25 21:26:06.578DEBUG[restartedMain  ]o.s.b.d.r.Restarter                      172:Creating new Restarter for thread Thread[main,5,main]
2018-06-25 21:26:06.578DEBUG[restartedMain  ]o.s.b.d.r.Restarter                      172:Immediately restarting application
2018-06-25 21:26:06.578DEBUG[restartedMain  ]o.s.b.d.r.Restarter                      172:Created RestartClassLoader org.springframework.boot.devtools.restart.classloader.RestartClassLoader@3a6a1b22
2018-06-25 21:26:06.579DEBUG[restartedMain  ]o.s.b.d.r.Restarter                      172:Starting application com.luis.sites.SitesApplication with URLs [file:/D:/codes/luis/sites/target/classes/]
2018-06-25 21:26:06.579DEBUG[restartedMain  ].c.l.ClasspathLoggingApplicationListener 56 :Application failed to start with classpath: [file:/D:/codes/luis/sites/target/classes/]
2018-06-25 21:26:06.680DEBUG[restartedMain  ]o.s.b.d.FailureAnalyzers                 120:FailureAnalyzer org.springframework.boot.autoconfigure.jdbc.HikariDriverConfigurationFailureAnalyzer@698506e2 failed

java.lang.TypeNotPresentException: Type org.springframework.jdbc.CannotGetJdbcConnectionException not present
	at sun.reflect.generics.factory.CoreReflectionFactory.makeNamedType(CoreReflectionFactory.java:117) ~[?:1.8.0_171]
	at sun.reflect.generics.visitor.Reifier.visitClassTypeSignature(Reifier.java:125) ~[?:1.8.0_171]
	at sun.reflect.generics.tree.ClassTypeSignature.accept(ClassTypeSignature.java:49) ~[?:1.8.0_171]
	at sun.reflect.generics.visitor.Reifier.reifyTypeArguments(Reifier.java:68) ~[?:1.8.0_171]
	at sun.reflect.generics.visitor.Reifier.visitClassTypeSignature(Reifier.java:138) ~[?:1.8.0_171]
	at sun.reflect.generics.tree.ClassTypeSignature.accept(ClassTypeSignature.java:49) ~[?:1.8.0_171]
	at sun.reflect.generics.repository.ClassRepository.getSuperclass(ClassRepository.java:90) ~[?:1.8.0_171]
	at java.lang.Class.getGenericSuperclass(Class.java:777) ~[?:1.8.0_171]
	at org.springframework.core.ResolvableType.getSuperType(ResolvableType.java:452) ~[spring-core-5.0.6.RELEASE.jar:5.0.6.RELEASE]
	at org.springframework.core.ResolvableType.as(ResolvableType.java:442) ~[spring-core-5.0.6.RELEASE.jar:5.0.6.RELEASE]
	at org.springframework.core.ResolvableType.forClass(ResolvableType.java:1012) ~[spring-core-5.0.6.RELEASE.jar:5.0.6.RELEASE]
	at org.springframework.boot.diagnostics.AbstractFailureAnalyzer.getCauseType(AbstractFailureAnalyzer.java:58) ~[spring-boot-2.0.2.RELEASE.jar:2.0.2.RELEASE]
	at org.springframework.boot.diagnostics.AbstractFailureAnalyzer.analyze(AbstractFailureAnalyzer.java:34) ~[spring-boot-2.0.2.RELEASE.jar:2.0.2.RELEASE]
	at org.springframework.boot.diagnostics.FailureAnalyzers.analyze(FailureAnalyzers.java:114) [spring-boot-2.0.2.RELEASE.jar:2.0.2.RELEASE]
	at org.springframework.boot.diagnostics.FailureAnalyzers.reportException(FailureAnalyzers.java:107) [spring-boot-2.0.2.RELEASE.jar:2.0.2.RELEASE]
	at org.springframework.boot.SpringApplication.reportFailure(SpringApplication.java:832) [spring-boot-2.0.2.RELEASE.jar:2.0.2.RELEASE]
	at org.springframework.boot.SpringApplication.handleRunFailure(SpringApplication.java:816) [spring-boot-2.0.2.RELEASE.jar:2.0.2.RELEASE]
	at org.springframework.boot.SpringApplication.run(SpringApplication.java:338) [spring-boot-2.0.2.RELEASE.jar:2.0.2.RELEASE]
	at org.springframework.boot.SpringApplication.run(SpringApplication.java:1255) [spring-boot-2.0.2.RELEASE.jar:2.0.2.RELEASE]
	at org.springframework.boot.SpringApplication.run(SpringApplication.java:1243) [spring-boot-2.0.2.RELEASE.jar:2.0.2.RELEASE]
	at com.luis.sites.SitesApplication.main(SitesApplication.java:10) [classes/:?]
	at sun.reflect.NativeMethodAccessorImpl.invoke0(Native Method) ~[?:1.8.0_171]
	at sun.reflect.NativeMethodAccessorImpl.invoke(NativeMethodAccessorImpl.java:62) ~[?:1.8.0_171]
	at sun.reflect.DelegatingMethodAccessorImpl.invoke(DelegatingMethodAccessorImpl.java:43) ~[?:1.8.0_171]
	at java.lang.reflect.Method.invoke(Method.java:498) ~[?:1.8.0_171]
	at org.springframework.boot.devtools.restart.RestartLauncher.run(RestartLauncher.java:49) [spring-boot-devtools-2.0.2.RELEASE.jar:2.0.2.RELEASE]
Caused by: java.lang.ClassNotFoundException: org.springframework.jdbc.CannotGetJdbcConnectionException
	at java.net.URLClassLoader.findClass(URLClassLoader.java:381) ~[?:1.8.0_171]
	at java.lang.ClassLoader.loadClass(ClassLoader.java:424) ~[?:1.8.0_171]
	at sun.misc.Launcher$AppClassLoader.loadClass(Launcher.java:349) ~[?:1.8.0_171]
	at java.lang.ClassLoader.loadClass(ClassLoader.java:357) ~[?:1.8.0_171]
	at java.lang.Class.forName0(Native Method) ~[?:1.8.0_171]
	at java.lang.Class.forName(Class.java:348) ~[?:1.8.0_171]
	at sun.reflect.generics.factory.CoreReflectionFactory.makeNamedType(CoreReflectionFactory.java:114) ~[?:1.8.0_171]
	... 25 more

2018-06-25 21:26:06.684ERROR[restartedMain  ]o.s.b.SpringApplication                  842:Application run failed

org.springframework.beans.factory.BeanDefinitionStoreException: Failed to parse configuration class [com.luis.sites.SitesApplication]; nested exception is java.io.FileNotFoundException: wx.param.properties (系统找不到指定的文件。)
	at org.springframework.context.annotation.ConfigurationClassParser.parse(ConfigurationClassParser.java:184) ~[spring-context-5.0.6.RELEASE.jar:5.0.6.RELEASE]
	at org.springframework.context.annotation.ConfigurationClassPostProcessor.processConfigBeanDefinitions(ConfigurationClassPostProcessor.java:316) ~[spring-context-5.0.6.RELEASE.jar:5.0.6.RELEASE]
	at org.springframework.context.annotation.ConfigurationClassPostProcessor.postProcessBeanDefinitionRegistry(ConfigurationClassPostProcessor.java:233) ~[spring-context-5.0.6.RELEASE.jar:5.0.6.RELEASE]
	at org.springframework.context.support.PostProcessorRegistrationDelegate.invokeBeanDefinitionRegistryPostProcessors(PostProcessorRegistrationDelegate.java:273) ~[spring-context-5.0.6.RELEASE.jar:5.0.6.RELEASE]
	at org.springframework.context.support.PostProcessorRegistrationDelegate.invokeBeanFactoryPostProcessors(PostProcessorRegistrationDelegate.java:93) ~[spring-context-5.0.6.RELEASE.jar:5.0.6.RELEASE]
	at org.springframework.context.support.AbstractApplicationContext.invokeBeanFactoryPostProcessors(AbstractApplicationContext.java:694) ~[spring-context-5.0.6.RELEASE.jar:5.0.6.RELEASE]
	at org.springframework.context.support.AbstractApplicationContext.refresh(AbstractApplicationContext.java:532) ~[spring-context-5.0.6.RELEASE.jar:5.0.6.RELEASE]
	at org.springframework.boot.web.servlet.context.ServletWebServerApplicationContext.refresh(ServletWebServerApplicationContext.java:140) ~[spring-boot-2.0.2.RELEASE.jar:2.0.2.RELEASE]
	at org.springframework.boot.SpringApplication.refresh(SpringApplication.java:759) [spring-boot-2.0.2.RELEASE.jar:2.0.2.RELEASE]
	at org.springframework.boot.SpringApplication.refreshContext(SpringApplication.java:395) [spring-boot-2.0.2.RELEASE.jar:2.0.2.RELEASE]
	at org.springframework.boot.SpringApplication.run(SpringApplication.java:327) [spring-boot-2.0.2.RELEASE.jar:2.0.2.RELEASE]
	at org.springframework.boot.SpringApplication.run(SpringApplication.java:1255) [spring-boot-2.0.2.RELEASE.jar:2.0.2.RELEASE]
	at org.springframework.boot.SpringApplication.run(SpringApplication.java:1243) [spring-boot-2.0.2.RELEASE.jar:2.0.2.RELEASE]
	at com.luis.sites.SitesApplication.main(SitesApplication.java:10) [classes/:?]
	at sun.reflect.NativeMethodAccessorImpl.invoke0(Native Method) ~[?:1.8.0_171]
	at sun.reflect.NativeMethodAccessorImpl.invoke(NativeMethodAccessorImpl.java:62) ~[?:1.8.0_171]
	at sun.reflect.DelegatingMethodAccessorImpl.invoke(DelegatingMethodAccessorImpl.java:43) ~[?:1.8.0_171]
	at java.lang.reflect.Method.invoke(Method.java:498) ~[?:1.8.0_171]
	at org.springframework.boot.devtools.restart.RestartLauncher.run(RestartLauncher.java:49) [spring-boot-devtools-2.0.2.RELEASE.jar:2.0.2.RELEASE]
Caused by: java.io.FileNotFoundException: wx.param.properties (系统找不到指定的文件。)
	at java.io.FileInputStream.open0(Native Method) ~[?:1.8.0_171]
	at java.io.FileInputStream.open(FileInputStream.java:195) ~[?:1.8.0_171]
	at java.io.FileInputStream.<init>(FileInputStream.java:138) ~[?:1.8.0_171]
	at java.io.FileInputStream.<init>(FileInputStream.java:93) ~[?:1.8.0_171]
	at sun.net.www.protocol.file.FileURLConnection.connect(FileURLConnection.java:90) ~[?:1.8.0_171]
	at sun.net.www.protocol.file.FileURLConnection.getInputStream(FileURLConnection.java:188) ~[?:1.8.0_171]
	at org.springframework.core.io.UrlResource.getInputStream(UrlResource.java:171) ~[spring-core-5.0.6.RELEASE.jar:5.0.6.RELEASE]
	at org.springframework.core.io.support.EncodedResource.getInputStream(EncodedResource.java:159) ~[spring-core-5.0.6.RELEASE.jar:5.0.6.RELEASE]
	at org.springframework.core.io.support.PropertiesLoaderUtils.fillProperties(PropertiesLoaderUtils.java:99) ~[spring-core-5.0.6.RELEASE.jar:5.0.6.RELEASE]
	at org.springframework.core.io.support.PropertiesLoaderUtils.fillProperties(PropertiesLoaderUtils.java:73) ~[spring-core-5.0.6.RELEASE.jar:5.0.6.RELEASE]
	at org.springframework.core.io.support.PropertiesLoaderUtils.loadProperties(PropertiesLoaderUtils.java:59) ~[spring-core-5.0.6.RELEASE.jar:5.0.6.RELEASE]
	at org.springframework.core.io.support.ResourcePropertySource.<init>(ResourcePropertySource.java:67) ~[spring-core-5.0.6.RELEASE.jar:5.0.6.RELEASE]
	at org.springframework.core.io.support.DefaultPropertySourceFactory.createPropertySource(DefaultPropertySourceFactory.java:37) ~[spring-core-5.0.6.RELEASE.jar:5.0.6.RELEASE]
	at org.springframework.context.annotation.ConfigurationClassParser.processPropertySource(ConfigurationClassParser.java:453) ~[spring-context-5.0.6.RELEASE.jar:5.0.6.RELEASE]
	at org.springframework.context.annotation.ConfigurationClassParser.doProcessConfigurationClass(ConfigurationClassParser.java:272) ~[spring-context-5.0.6.RELEASE.jar:5.0.6.RELEASE]
	at org.springframework.context.annotation.ConfigurationClassParser.processConfigurationClass(ConfigurationClassParser.java:245) ~[spring-context-5.0.6.RELEASE.jar:5.0.6.RELEASE]
	at org.springframework.context.annotation.ConfigurationClassParser.parse(ConfigurationClassParser.java:194) ~[spring-context-5.0.6.RELEASE.jar:5.0.6.RELEASE]
	at org.springframework.context.annotation.ConfigurationClassParser.doProcessConfigurationClass(ConfigurationClassParser.java:296) ~[spring-context-5.0.6.RELEASE.jar:5.0.6.RELEASE]
	at org.springframework.context.annotation.ConfigurationClassParser.processConfigurationClass(ConfigurationClassParser.java:245) ~[spring-context-5.0.6.RELEASE.jar:5.0.6.RELEASE]
	at org.springframework.context.annotation.ConfigurationClassParser.parse(ConfigurationClassParser.java:202) ~[spring-context-5.0.6.RELEASE.jar:5.0.6.RELEASE]
	at org.springframework.context.annotation.ConfigurationClassParser.parse(ConfigurationClassParser.java:170) ~[spring-context-5.0.6.RELEASE.jar:5.0.6.RELEASE]
	... 18 more

2018-06-25 21:53:07.064 INFO[restartedMain  ]c.l.s.SitesApplication                   50 :Starting SitesApplication on SZA161292480-C with PID 8620 (D:\codes\luis\sites\target\classes started by l00280429 in D:\codes\luis)
2018-06-25 21:53:07.071 INFO[restartedMain  ]c.l.s.SitesApplication                   659:No active profile set, falling back to default profiles: default
2018-06-25 21:53:07.129 INFO[restartedMain  ]ConfigServletWebServerApplicationContext 590:Refreshing org.springframework.boot.web.servlet.context.AnnotationConfigServletWebServerApplicationContext@7257dea: startup date [Mon Jun 25 21:53:07 CST 2018]; root of context hierarchy
2018-06-25 21:53:07.333 WARN[restartedMain  ]ConfigServletWebServerApplicationContext 558:Exception encountered during context initialization - cancelling refresh attempt: org.springframework.beans.factory.BeanDefinitionStoreException: Failed to parse configuration class [com.luis.sites.SitesApplication]; nested exception is java.io.FileNotFoundException: wx.param.properties (系统找不到指定的文件。)
2018-06-25 21:53:07.443ERROR[restartedMain  ]o.s.b.SpringApplication                  842:Application run failed

org.springframework.beans.factory.BeanDefinitionStoreException: Failed to parse configuration class [com.luis.sites.SitesApplication]; nested exception is java.io.FileNotFoundException: wx.param.properties (系统找不到指定的文件。)
	at org.springframework.context.annotation.ConfigurationClassParser.parse(ConfigurationClassParser.java:184) ~[spring-context-5.0.6.RELEASE.jar:5.0.6.RELEASE]
	at org.springframework.context.annotation.ConfigurationClassPostProcessor.processConfigBeanDefinitions(ConfigurationClassPostProcessor.java:316) ~[spring-context-5.0.6.RELEASE.jar:5.0.6.RELEASE]
	at org.springframework.context.annotation.ConfigurationClassPostProcessor.postProcessBeanDefinitionRegistry(ConfigurationClassPostProcessor.java:233) ~[spring-context-5.0.6.RELEASE.jar:5.0.6.RELEASE]
	at org.springframework.context.support.PostProcessorRegistrationDelegate.invokeBeanDefinitionRegistryPostProcessors(PostProcessorRegistrationDelegate.java:273) ~[spring-context-5.0.6.RELEASE.jar:5.0.6.RELEASE]
	at org.springframework.context.support.PostProcessorRegistrationDelegate.invokeBeanFactoryPostProcessors(PostProcessorRegistrationDelegate.java:93) ~[spring-context-5.0.6.RELEASE.jar:5.0.6.RELEASE]
	at org.springframework.context.support.AbstractApplicationContext.invokeBeanFactoryPostProcessors(AbstractApplicationContext.java:694) ~[spring-context-5.0.6.RELEASE.jar:5.0.6.RELEASE]
	at org.springframework.context.support.AbstractApplicationContext.refresh(AbstractApplicationContext.java:532) ~[spring-context-5.0.6.RELEASE.jar:5.0.6.RELEASE]
	at org.springframework.boot.web.servlet.context.ServletWebServerApplicationContext.refresh(ServletWebServerApplicationContext.java:140) ~[spring-boot-2.0.2.RELEASE.jar:2.0.2.RELEASE]
	at org.springframework.boot.SpringApplication.refresh(SpringApplication.java:759) [spring-boot-2.0.2.RELEASE.jar:2.0.2.RELEASE]
	at org.springframework.boot.SpringApplication.refreshContext(SpringApplication.java:395) [spring-boot-2.0.2.RELEASE.jar:2.0.2.RELEASE]
	at org.springframework.boot.SpringApplication.run(SpringApplication.java:327) [spring-boot-2.0.2.RELEASE.jar:2.0.2.RELEASE]
	at org.springframework.boot.SpringApplication.run(SpringApplication.java:1255) [spring-boot-2.0.2.RELEASE.jar:2.0.2.RELEASE]
	at org.springframework.boot.SpringApplication.run(SpringApplication.java:1243) [spring-boot-2.0.2.RELEASE.jar:2.0.2.RELEASE]
	at com.luis.sites.SitesApplication.main(SitesApplication.java:10) [classes/:?]
	at sun.reflect.NativeMethodAccessorImpl.invoke0(Native Method) ~[?:1.8.0_171]
	at sun.reflect.NativeMethodAccessorImpl.invoke(NativeMethodAccessorImpl.java:62) ~[?:1.8.0_171]
	at sun.reflect.DelegatingMethodAccessorImpl.invoke(DelegatingMethodAccessorImpl.java:43) ~[?:1.8.0_171]
	at java.lang.reflect.Method.invoke(Method.java:498) ~[?:1.8.0_171]
	at org.springframework.boot.devtools.restart.RestartLauncher.run(RestartLauncher.java:49) [spring-boot-devtools-2.0.2.RELEASE.jar:2.0.2.RELEASE]
Caused by: java.io.FileNotFoundException: wx.param.properties (系统找不到指定的文件。)
	at java.io.FileInputStream.open0(Native Method) ~[?:1.8.0_171]
	at java.io.FileInputStream.open(FileInputStream.java:195) ~[?:1.8.0_171]
	at java.io.FileInputStream.<init>(FileInputStream.java:138) ~[?:1.8.0_171]
	at java.io.FileInputStream.<init>(FileInputStream.java:93) ~[?:1.8.0_171]
	at sun.net.www.protocol.file.FileURLConnection.connect(FileURLConnection.java:90) ~[?:1.8.0_171]
	at sun.net.www.protocol.file.FileURLConnection.getInputStream(FileURLConnection.java:188) ~[?:1.8.0_171]
	at org.springframework.core.io.UrlResource.getInputStream(UrlResource.java:171) ~[spring-core-5.0.6.RELEASE.jar:5.0.6.RELEASE]
	at org.springframework.core.io.support.EncodedResource.getInputStream(EncodedResource.java:159) ~[spring-core-5.0.6.RELEASE.jar:5.0.6.RELEASE]
	at org.springframework.core.io.support.PropertiesLoaderUtils.fillProperties(PropertiesLoaderUtils.java:99) ~[spring-core-5.0.6.RELEASE.jar:5.0.6.RELEASE]
	at org.springframework.core.io.support.PropertiesLoaderUtils.fillProperties(PropertiesLoaderUtils.java:73) ~[spring-core-5.0.6.RELEASE.jar:5.0.6.RELEASE]
	at org.springframework.core.io.support.PropertiesLoaderUtils.loadProperties(PropertiesLoaderUtils.java:59) ~[spring-core-5.0.6.RELEASE.jar:5.0.6.RELEASE]
	at org.springframework.core.io.support.ResourcePropertySource.<init>(ResourcePropertySource.java:67) ~[spring-core-5.0.6.RELEASE.jar:5.0.6.RELEASE]
	at org.springframework.core.io.support.DefaultPropertySourceFactory.createPropertySource(DefaultPropertySourceFactory.java:37) ~[spring-core-5.0.6.RELEASE.jar:5.0.6.RELEASE]
	at org.springframework.context.annotation.ConfigurationClassParser.processPropertySource(ConfigurationClassParser.java:453) ~[spring-context-5.0.6.RELEASE.jar:5.0.6.RELEASE]
	at org.springframework.context.annotation.ConfigurationClassParser.doProcessConfigurationClass(ConfigurationClassParser.java:272) ~[spring-context-5.0.6.RELEASE.jar:5.0.6.RELEASE]
	at org.springframework.context.annotation.ConfigurationClassParser.processConfigurationClass(ConfigurationClassParser.java:245) ~[spring-context-5.0.6.RELEASE.jar:5.0.6.RELEASE]
	at org.springframework.context.annotation.ConfigurationClassParser.parse(ConfigurationClassParser.java:194) ~[spring-context-5.0.6.RELEASE.jar:5.0.6.RELEASE]
	at org.springframework.context.annotation.ConfigurationClassParser.doProcessConfigurationClass(ConfigurationClassParser.java:296) ~[spring-context-5.0.6.RELEASE.jar:5.0.6.RELEASE]
	at org.springframework.context.annotation.ConfigurationClassParser.processConfigurationClass(ConfigurationClassParser.java:245) ~[spring-context-5.0.6.RELEASE.jar:5.0.6.RELEASE]
	at org.springframework.context.annotation.ConfigurationClassParser.parse(ConfigurationClassParser.java:202) ~[spring-context-5.0.6.RELEASE.jar:5.0.6.RELEASE]
	at org.springframework.context.annotation.ConfigurationClassParser.parse(ConfigurationClassParser.java:170) ~[spring-context-5.0.6.RELEASE.jar:5.0.6.RELEASE]
	... 18 more

